15:39:40 DEBUG RequestAddCookies 122 - CookieSpec selected: default
15:39:40 DEBUG RequestAuthCache 76 - Auth cache not set in the context
15:39:41 DEBUG PoolingHttpClientConnectionManager 249 - Connection request: [route: {}->http://localhost:28928][total kept alive: 0; route allocated: 0 of 2000; total allocated: 0 of 2000]
15:39:41 DEBUG PoolingHttpClientConnectionManager 282 - Connection leased: [id: 0][route: {}->http://localhost:28928][total kept alive: 0; route allocated: 1 of 2000; total allocated: 1 of 2000]
15:39:41 DEBUG MainClientExec 234 - Opening connection {}->http://localhost:28928
15:39:41 DEBUG DefaultHttpClientConnectionOperator 138 - Connecting to localhost/127.0.0.1:28928
15:39:41 DEBUG DefaultHttpClientConnectionOperator 145 - Connection established 127.0.0.1:50433<->127.0.0.1:28928
15:39:41 DEBUG DefaultManagedHttpClientConnection 90 - http-outgoing-0: set socket timeout to 10800000
15:39:41 DEBUG MainClientExec 255 - Executing request POST /session HTTP/1.1
15:39:41 DEBUG MainClientExec 260 - Target auth state: UNCHALLENGED
15:39:41 DEBUG MainClientExec 266 - Proxy auth state: UNCHALLENGED
15:39:41 DEBUG headers 135 - http-outgoing-0 >> POST /session HTTP/1.1
15:39:41 DEBUG headers 138 - http-outgoing-0 >> Content-Type: application/json; charset=utf-8
15:39:41 DEBUG headers 138 - http-outgoing-0 >> Content-Length: 122
15:39:41 DEBUG headers 138 - http-outgoing-0 >> Host: localhost:28928
15:39:41 DEBUG headers 138 - http-outgoing-0 >> Connection: Keep-Alive
15:39:41 DEBUG headers 138 - http-outgoing-0 >> User-Agent: Apache-HttpClient/4.5.2 (Java/1.8.0_40)
15:39:41 DEBUG headers 138 - http-outgoing-0 >> Accept-Encoding: gzip,deflate
15:39:41 DEBUG wire 72 - http-outgoing-0 >> "POST /session HTTP/1.1[\r][\n]"
15:39:41 DEBUG wire 72 - http-outgoing-0 >> "Content-Type: application/json; charset=utf-8[\r][\n]"
15:39:41 DEBUG wire 72 - http-outgoing-0 >> "Content-Length: 122[\r][\n]"
15:39:41 DEBUG wire 72 - http-outgoing-0 >> "Host: localhost:28928[\r][\n]"
15:39:41 DEBUG wire 72 - http-outgoing-0 >> "Connection: Keep-Alive[\r][\n]"
15:39:41 DEBUG wire 72 - http-outgoing-0 >> "User-Agent: Apache-HttpClient/4.5.2 (Java/1.8.0_40)[\r][\n]"
15:39:41 DEBUG wire 72 - http-outgoing-0 >> "Accept-Encoding: gzip,deflate[\r][\n]"
15:39:41 DEBUG wire 72 - http-outgoing-0 >> "[\r][\n]"
15:39:41 DEBUG wire 86 - http-outgoing-0 >> "{"desiredCapabilities":{"browserName":"chrome","chromeOptions":{"args":[],"extensions":[]},"version":"","platform":"ANY"}}"
15:39:43 DEBUG wire 72 - http-outgoing-0 << "HTTP/1.1 200 OK[\r][\n]"
15:39:43 DEBUG wire 72 - http-outgoing-0 << "Content-Length:778[\r][\n]"
15:39:43 DEBUG wire 72 - http-outgoing-0 << "Content-Type:application/json; charset=utf-8[\r][\n]"
15:39:43 DEBUG wire 72 - http-outgoing-0 << "Connection:close[\r][\n]"
15:39:43 DEBUG wire 72 - http-outgoing-0 << "[\r][\n]"
15:39:43 DEBUG wire 86 - http-outgoing-0 << "{"sessionId":"59a4a1697ca6e46f8672f4f4c6a2b889","status":0,"value":{"acceptSslCerts":true,"applicationCacheEnabled":false,"browserConnectionEnabled":false,"browserName":"chrome","chrome":{"chromedriverVersion":"2.30.477700 (0057494ad8732195794a7b32078424f92a5fce41)","userDataDir":"C:\\Users\\Vamsi\\AppData\\Local\\Temp\\scoped_dir2920_1343"},"cssSelectorsEnabled":true,"databaseEnabled":false,"handlesAlerts":true,"hasTouchScreen":false,"javascriptEnabled":true,"locationContextEnabled":true,"mobileEmulationEnabled":false,"nativeEvents":true,"networkConnectionEnabled":false,"pageLoadStrategy":"normal","platform":"Windows NT","rotatable":false,"takesHeapSnapshot":true,"takesScreenshot":true,"unexpectedAlertBehaviour":"","version":"61.0.3163.100","webStorageEnabled":true}}"
15:39:43 DEBUG headers 124 - http-outgoing-0 << HTTP/1.1 200 OK
15:39:43 DEBUG headers 127 - http-outgoing-0 << Content-Length:778
15:39:43 DEBUG headers 127 - http-outgoing-0 << Content-Type:application/json; charset=utf-8
15:39:43 DEBUG headers 127 - http-outgoing-0 << Connection:close
15:39:43 DEBUG DefaultManagedHttpClientConnection 81 - http-outgoing-0: Close connection
15:39:43 DEBUG MainClientExec 103 - Connection discarded
15:39:43 DEBUG PoolingHttpClientConnectionManager 320 - Connection released: [id: 0][route: {}->http://localhost:28928][total kept alive: 0; route allocated: 0 of 2000; total allocated: 0 of 2000]
15:39:43 DEBUG RequestAddCookies 122 - CookieSpec selected: default
15:39:43 DEBUG RequestAuthCache 76 - Auth cache not set in the context
15:39:43 DEBUG PoolingHttpClientConnectionManager 249 - Connection request: [route: {}->http://localhost:28928][total kept alive: 0; route allocated: 0 of 2000; total allocated: 0 of 2000]
15:39:43 DEBUG PoolingHttpClientConnectionManager 282 - Connection leased: [id: 1][route: {}->http://localhost:28928][total kept alive: 0; route allocated: 1 of 2000; total allocated: 1 of 2000]
15:39:43 DEBUG MainClientExec 234 - Opening connection {}->http://localhost:28928
15:39:43 DEBUG DefaultHttpClientConnectionOperator 138 - Connecting to localhost/127.0.0.1:28928
15:39:43 DEBUG DefaultHttpClientConnectionOperator 145 - Connection established 127.0.0.1:50442<->127.0.0.1:28928
15:39:43 DEBUG DefaultManagedHttpClientConnection 90 - http-outgoing-1: set socket timeout to 10800000
15:39:43 DEBUG MainClientExec 255 - Executing request POST /session/59a4a1697ca6e46f8672f4f4c6a2b889/window/current/maximize HTTP/1.1
15:39:43 DEBUG MainClientExec 260 - Target auth state: UNCHALLENGED
15:39:43 DEBUG MainClientExec 266 - Proxy auth state: UNCHALLENGED
15:39:43 DEBUG headers 135 - http-outgoing-1 >> POST /session/59a4a1697ca6e46f8672f4f4c6a2b889/window/current/maximize HTTP/1.1
15:39:43 DEBUG headers 138 - http-outgoing-1 >> Content-Type: application/json; charset=utf-8
15:39:43 DEBUG headers 138 - http-outgoing-1 >> Content-Length: 26
15:39:43 DEBUG headers 138 - http-outgoing-1 >> Host: localhost:28928
15:39:43 DEBUG headers 138 - http-outgoing-1 >> Connection: Keep-Alive
15:39:43 DEBUG headers 138 - http-outgoing-1 >> User-Agent: Apache-HttpClient/4.5.2 (Java/1.8.0_40)
15:39:43 DEBUG headers 138 - http-outgoing-1 >> Accept-Encoding: gzip,deflate
15:39:43 DEBUG wire 72 - http-outgoing-1 >> "POST /session/59a4a1697ca6e46f8672f4f4c6a2b889/window/current/maximize HTTP/1.1[\r][\n]"
15:39:43 DEBUG wire 72 - http-outgoing-1 >> "Content-Type: application/json; charset=utf-8[\r][\n]"
15:39:43 DEBUG wire 72 - http-outgoing-1 >> "Content-Length: 26[\r][\n]"
15:39:43 DEBUG wire 72 - http-outgoing-1 >> "Host: localhost:28928[\r][\n]"
15:39:43 DEBUG wire 72 - http-outgoing-1 >> "Connection: Keep-Alive[\r][\n]"
15:39:43 DEBUG wire 72 - http-outgoing-1 >> "User-Agent: Apache-HttpClient/4.5.2 (Java/1.8.0_40)[\r][\n]"
15:39:43 DEBUG wire 72 - http-outgoing-1 >> "Accept-Encoding: gzip,deflate[\r][\n]"
15:39:43 DEBUG wire 72 - http-outgoing-1 >> "[\r][\n]"
15:39:43 DEBUG wire 86 - http-outgoing-1 >> "{"windowHandle":"current"}"
15:39:45 DEBUG wire 72 - http-outgoing-1 << "HTTP/1.1 200 OK[\r][\n]"
15:39:45 DEBUG wire 72 - http-outgoing-1 << "Content-Length:72[\r][\n]"
15:39:45 DEBUG wire 72 - http-outgoing-1 << "Content-Type:application/json; charset=utf-8[\r][\n]"
15:39:45 DEBUG wire 72 - http-outgoing-1 << "Connection:close[\r][\n]"
15:39:45 DEBUG wire 72 - http-outgoing-1 << "[\r][\n]"
15:39:45 DEBUG wire 86 - http-outgoing-1 << "{"sessionId":"59a4a1697ca6e46f8672f4f4c6a2b889","status":0,"value":null}"
15:39:45 DEBUG headers 124 - http-outgoing-1 << HTTP/1.1 200 OK
15:39:45 DEBUG headers 127 - http-outgoing-1 << Content-Length:72
15:39:45 DEBUG headers 127 - http-outgoing-1 << Content-Type:application/json; charset=utf-8
15:39:45 DEBUG headers 127 - http-outgoing-1 << Connection:close
15:39:45 DEBUG DefaultManagedHttpClientConnection 81 - http-outgoing-1: Close connection
15:39:45 DEBUG MainClientExec 103 - Connection discarded
15:39:45 DEBUG PoolingHttpClientConnectionManager 320 - Connection released: [id: 1][route: {}->http://localhost:28928][total kept alive: 0; route allocated: 0 of 2000; total allocated: 0 of 2000]
15:39:45 DEBUG RequestAddCookies 122 - CookieSpec selected: default
15:39:45 DEBUG RequestAuthCache 76 - Auth cache not set in the context
15:39:45 DEBUG PoolingHttpClientConnectionManager 249 - Connection request: [route: {}->http://localhost:28928][total kept alive: 0; route allocated: 0 of 2000; total allocated: 0 of 2000]
15:39:45 DEBUG PoolingHttpClientConnectionManager 282 - Connection leased: [id: 2][route: {}->http://localhost:28928][total kept alive: 0; route allocated: 1 of 2000; total allocated: 1 of 2000]
15:39:45 DEBUG MainClientExec 234 - Opening connection {}->http://localhost:28928
15:39:45 DEBUG DefaultHttpClientConnectionOperator 138 - Connecting to localhost/127.0.0.1:28928
15:39:45 DEBUG DefaultHttpClientConnectionOperator 145 - Connection established 127.0.0.1:50445<->127.0.0.1:28928
15:39:45 DEBUG DefaultManagedHttpClientConnection 90 - http-outgoing-2: set socket timeout to 10800000
15:39:45 DEBUG MainClientExec 255 - Executing request POST /session/59a4a1697ca6e46f8672f4f4c6a2b889/window/current/maximize HTTP/1.1
15:39:45 DEBUG MainClientExec 260 - Target auth state: UNCHALLENGED
15:39:45 DEBUG MainClientExec 266 - Proxy auth state: UNCHALLENGED
15:39:45 DEBUG headers 135 - http-outgoing-2 >> POST /session/59a4a1697ca6e46f8672f4f4c6a2b889/window/current/maximize HTTP/1.1
15:39:45 DEBUG headers 138 - http-outgoing-2 >> Content-Type: application/json; charset=utf-8
15:39:45 DEBUG headers 138 - http-outgoing-2 >> Content-Length: 26
15:39:45 DEBUG headers 138 - http-outgoing-2 >> Host: localhost:28928
15:39:45 DEBUG headers 138 - http-outgoing-2 >> Connection: Keep-Alive
15:39:45 DEBUG headers 138 - http-outgoing-2 >> User-Agent: Apache-HttpClient/4.5.2 (Java/1.8.0_40)
15:39:45 DEBUG headers 138 - http-outgoing-2 >> Accept-Encoding: gzip,deflate
15:39:45 DEBUG wire 72 - http-outgoing-2 >> "POST /session/59a4a1697ca6e46f8672f4f4c6a2b889/window/current/maximize HTTP/1.1[\r][\n]"
15:39:45 DEBUG wire 72 - http-outgoing-2 >> "Content-Type: application/json; charset=utf-8[\r][\n]"
15:39:45 DEBUG wire 72 - http-outgoing-2 >> "Content-Length: 26[\r][\n]"
15:39:45 DEBUG wire 72 - http-outgoing-2 >> "Host: localhost:28928[\r][\n]"
15:39:45 DEBUG wire 72 - http-outgoing-2 >> "Connection: Keep-Alive[\r][\n]"
15:39:45 DEBUG wire 72 - http-outgoing-2 >> "User-Agent: Apache-HttpClient/4.5.2 (Java/1.8.0_40)[\r][\n]"
15:39:45 DEBUG wire 72 - http-outgoing-2 >> "Accept-Encoding: gzip,deflate[\r][\n]"
15:39:45 DEBUG wire 72 - http-outgoing-2 >> "[\r][\n]"
15:39:45 DEBUG wire 86 - http-outgoing-2 >> "{"windowHandle":"current"}"
15:39:45 DEBUG wire 72 - http-outgoing-2 << "HTTP/1.1 200 OK[\r][\n]"
15:39:45 DEBUG wire 72 - http-outgoing-2 << "Content-Length:72[\r][\n]"
15:39:45 DEBUG wire 72 - http-outgoing-2 << "Content-Type:application/json; charset=utf-8[\r][\n]"
15:39:45 DEBUG wire 72 - http-outgoing-2 << "Connection:close[\r][\n]"
15:39:45 DEBUG wire 72 - http-outgoing-2 << "[\r][\n]"
15:39:45 DEBUG wire 86 - http-outgoing-2 << "{"sessionId":"59a4a1697ca6e46f8672f4f4c6a2b889","status":0,"value":null}"
15:39:45 DEBUG headers 124 - http-outgoing-2 << HTTP/1.1 200 OK
15:39:45 DEBUG headers 127 - http-outgoing-2 << Content-Length:72
15:39:45 DEBUG headers 127 - http-outgoing-2 << Content-Type:application/json; charset=utf-8
15:39:45 DEBUG headers 127 - http-outgoing-2 << Connection:close
15:39:45 DEBUG DefaultManagedHttpClientConnection 81 - http-outgoing-2: Close connection
15:39:45 DEBUG MainClientExec 103 - Connection discarded
15:39:45 DEBUG PoolingHttpClientConnectionManager 320 - Connection released: [id: 2][route: {}->http://localhost:28928][total kept alive: 0; route allocated: 0 of 2000; total allocated: 0 of 2000]
15:39:45 DEBUG RequestAddCookies 122 - CookieSpec selected: default
15:39:45 DEBUG RequestAuthCache 76 - Auth cache not set in the context
15:39:45 DEBUG PoolingHttpClientConnectionManager 249 - Connection request: [route: {}->http://localhost:28928][total kept alive: 0; route allocated: 0 of 2000; total allocated: 0 of 2000]
15:39:45 DEBUG PoolingHttpClientConnectionManager 282 - Connection leased: [id: 3][route: {}->http://localhost:28928][total kept alive: 0; route allocated: 1 of 2000; total allocated: 1 of 2000]
15:39:45 DEBUG MainClientExec 234 - Opening connection {}->http://localhost:28928
15:39:45 DEBUG DefaultHttpClientConnectionOperator 138 - Connecting to localhost/127.0.0.1:28928
15:39:45 DEBUG DefaultHttpClientConnectionOperator 145 - Connection established 127.0.0.1:50446<->127.0.0.1:28928
15:39:45 DEBUG DefaultManagedHttpClientConnection 90 - http-outgoing-3: set socket timeout to 10800000
15:39:45 DEBUG MainClientExec 255 - Executing request POST /session/59a4a1697ca6e46f8672f4f4c6a2b889/timeouts HTTP/1.1
15:39:45 DEBUG MainClientExec 260 - Target auth state: UNCHALLENGED
15:39:45 DEBUG MainClientExec 266 - Proxy auth state: UNCHALLENGED
15:39:45 DEBUG headers 135 - http-outgoing-3 >> POST /session/59a4a1697ca6e46f8672f4f4c6a2b889/timeouts HTTP/1.1
15:39:45 DEBUG headers 138 - http-outgoing-3 >> Content-Type: application/json; charset=utf-8
15:39:45 DEBUG headers 138 - http-outgoing-3 >> Content-Length: 30
15:39:45 DEBUG headers 138 - http-outgoing-3 >> Host: localhost:28928
15:39:45 DEBUG headers 138 - http-outgoing-3 >> Connection: Keep-Alive
15:39:45 DEBUG headers 138 - http-outgoing-3 >> User-Agent: Apache-HttpClient/4.5.2 (Java/1.8.0_40)
15:39:45 DEBUG headers 138 - http-outgoing-3 >> Accept-Encoding: gzip,deflate
15:39:45 DEBUG wire 72 - http-outgoing-3 >> "POST /session/59a4a1697ca6e46f8672f4f4c6a2b889/timeouts HTTP/1.1[\r][\n]"
15:39:45 DEBUG wire 72 - http-outgoing-3 >> "Content-Type: application/json; charset=utf-8[\r][\n]"
15:39:45 DEBUG wire 72 - http-outgoing-3 >> "Content-Length: 30[\r][\n]"
15:39:45 DEBUG wire 72 - http-outgoing-3 >> "Host: localhost:28928[\r][\n]"
15:39:45 DEBUG wire 72 - http-outgoing-3 >> "Connection: Keep-Alive[\r][\n]"
15:39:45 DEBUG wire 72 - http-outgoing-3 >> "User-Agent: Apache-HttpClient/4.5.2 (Java/1.8.0_40)[\r][\n]"
15:39:45 DEBUG wire 72 - http-outgoing-3 >> "Accept-Encoding: gzip,deflate[\r][\n]"
15:39:45 DEBUG wire 72 - http-outgoing-3 >> "[\r][\n]"
15:39:45 DEBUG wire 86 - http-outgoing-3 >> "{"type":"implicit","ms":30000}"
15:39:45 DEBUG wire 72 - http-outgoing-3 << "HTTP/1.1 200 OK[\r][\n]"
15:39:45 DEBUG wire 72 - http-outgoing-3 << "Content-Length:72[\r][\n]"
15:39:45 DEBUG wire 72 - http-outgoing-3 << "Content-Type:application/json; charset=utf-8[\r][\n]"
15:39:45 DEBUG wire 72 - http-outgoing-3 << "Connection:close[\r][\n]"
15:39:45 DEBUG wire 72 - http-outgoing-3 << "[\r][\n]"
15:39:45 DEBUG wire 86 - http-outgoing-3 << "{"sessionId":"59a4a1697ca6e46f8672f4f4c6a2b889","status":0,"value":null}"
15:39:45 DEBUG headers 124 - http-outgoing-3 << HTTP/1.1 200 OK
15:39:45 DEBUG headers 127 - http-outgoing-3 << Content-Length:72
15:39:45 DEBUG headers 127 - http-outgoing-3 << Content-Type:application/json; charset=utf-8
15:39:45 DEBUG headers 127 - http-outgoing-3 << Connection:close
15:39:45 DEBUG DefaultManagedHttpClientConnection 81 - http-outgoing-3: Close connection
15:39:45 DEBUG MainClientExec 103 - Connection discarded
15:39:45 DEBUG PoolingHttpClientConnectionManager 320 - Connection released: [id: 3][route: {}->http://localhost:28928][total kept alive: 0; route allocated: 0 of 2000; total allocated: 0 of 2000]
15:39:45 DEBUG RequestAddCookies 122 - CookieSpec selected: default
15:39:45 DEBUG RequestAuthCache 76 - Auth cache not set in the context
15:39:45 DEBUG PoolingHttpClientConnectionManager 249 - Connection request: [route: {}->http://localhost:28928][total kept alive: 0; route allocated: 0 of 2000; total allocated: 0 of 2000]
15:39:45 DEBUG PoolingHttpClientConnectionManager 282 - Connection leased: [id: 4][route: {}->http://localhost:28928][total kept alive: 0; route allocated: 1 of 2000; total allocated: 1 of 2000]
15:39:45 DEBUG MainClientExec 234 - Opening connection {}->http://localhost:28928
15:39:45 DEBUG DefaultHttpClientConnectionOperator 138 - Connecting to localhost/127.0.0.1:28928
15:39:45 DEBUG DefaultHttpClientConnectionOperator 145 - Connection established 127.0.0.1:50447<->127.0.0.1:28928
15:39:45 DEBUG DefaultManagedHttpClientConnection 90 - http-outgoing-4: set socket timeout to 10800000
15:39:45 DEBUG MainClientExec 255 - Executing request DELETE /session/59a4a1697ca6e46f8672f4f4c6a2b889/cookie HTTP/1.1
15:39:45 DEBUG MainClientExec 260 - Target auth state: UNCHALLENGED
15:39:45 DEBUG MainClientExec 266 - Proxy auth state: UNCHALLENGED
15:39:45 DEBUG headers 135 - http-outgoing-4 >> DELETE /session/59a4a1697ca6e46f8672f4f4c6a2b889/cookie HTTP/1.1
15:39:45 DEBUG headers 138 - http-outgoing-4 >> Host: localhost:28928
15:39:45 DEBUG headers 138 - http-outgoing-4 >> Connection: Keep-Alive
15:39:45 DEBUG headers 138 - http-outgoing-4 >> User-Agent: Apache-HttpClient/4.5.2 (Java/1.8.0_40)
15:39:45 DEBUG headers 138 - http-outgoing-4 >> Accept-Encoding: gzip,deflate
15:39:45 DEBUG wire 72 - http-outgoing-4 >> "DELETE /session/59a4a1697ca6e46f8672f4f4c6a2b889/cookie HTTP/1.1[\r][\n]"
15:39:45 DEBUG wire 72 - http-outgoing-4 >> "Host: localhost:28928[\r][\n]"
15:39:45 DEBUG wire 72 - http-outgoing-4 >> "Connection: Keep-Alive[\r][\n]"
15:39:45 DEBUG wire 72 - http-outgoing-4 >> "User-Agent: Apache-HttpClient/4.5.2 (Java/1.8.0_40)[\r][\n]"
15:39:45 DEBUG wire 72 - http-outgoing-4 >> "Accept-Encoding: gzip,deflate[\r][\n]"
15:39:45 DEBUG wire 72 - http-outgoing-4 >> "[\r][\n]"
15:39:48 DEBUG wire 72 - http-outgoing-4 << "HTTP/1.1 200 OK[\r][\n]"
15:39:48 DEBUG wire 72 - http-outgoing-4 << "Content-Length:72[\r][\n]"
15:39:48 DEBUG wire 72 - http-outgoing-4 << "Content-Type:application/json; charset=utf-8[\r][\n]"
15:39:48 DEBUG wire 72 - http-outgoing-4 << "Connection:close[\r][\n]"
15:39:48 DEBUG wire 72 - http-outgoing-4 << "[\r][\n]"
15:39:48 DEBUG wire 86 - http-outgoing-4 << "{"sessionId":"59a4a1697ca6e46f8672f4f4c6a2b889","status":0,"value":null}"
15:39:48 DEBUG headers 124 - http-outgoing-4 << HTTP/1.1 200 OK
15:39:48 DEBUG headers 127 - http-outgoing-4 << Content-Length:72
15:39:48 DEBUG headers 127 - http-outgoing-4 << Content-Type:application/json; charset=utf-8
15:39:48 DEBUG headers 127 - http-outgoing-4 << Connection:close
15:39:48 DEBUG DefaultManagedHttpClientConnection 81 - http-outgoing-4: Close connection
15:39:48 DEBUG MainClientExec 103 - Connection discarded
15:39:48 DEBUG PoolingHttpClientConnectionManager 320 - Connection released: [id: 4][route: {}->http://localhost:28928][total kept alive: 0; route allocated: 0 of 2000; total allocated: 0 of 2000]
